<?xml version="1.0" encoding="utf-8"?><testsuites name="pytest tests"><testsuite name="pytest" errors="0" failures="0" skipped="0" tests="15" time="2.194" timestamp="2026-04-09T14:20:23.324222+00:00" hostname="agent-env-544d8d70-7cd0-4a32-bb27-375eda190f06"><testcase classname="tests.test_combobox_fix.TestPopularPhonesAPI" name="test_popular_phones_returns_brands" time="0.184" /><testcase classname="tests.test_combobox_fix.TestPopularPhonesAPI" name="test_samsung_has_98_models" time="0.115" /><testcase classname="tests.test_combobox_fix.TestPopularPhonesAPI" name="test_samsung_has_galaxy_a13" time="0.128" /><testcase classname="tests.test_combobox_fix.TestPopularPhonesAPI" name="test_samsung_has_galaxy_a12" time="0.114" /><testcase classname="tests.test_combobox_fix.TestPopularPhonesAPI" name="test_samsung_has_note_series" time="0.120" /><testcase classname="tests.test_combobox_fix.TestPopularPhonesAPI" name="test_samsung_brand_type_is_android" time="0.108" /><testcase classname="tests.test_combobox_fix.TestSearchPhoneAPI" name="test_search_samsung_galaxy_a13" time="0.221" /><testcase classname="tests.test_combobox_fix.TestSearchPhoneAPI" name="test_search_samsung_note_20_ultra" time="0.231" /><testcase classname="tests.test_combobox_fix.TestSearchPhoneAPI" name="test_search_custom_model" time="0.189" /><testcase classname="tests.test_combobox_fix.TestConditionQuestionsAPI" name="test_condition_questions_for_samsung" time="0.124" /><testcase classname="tests.test_combobox_fix.TestVerifyCodeAPI" name="test_verify_invalid_code" time="0.134" /><testcase classname="tests.test_combobox_fix.TestPaymentInfoAPI" name="test_payment_info_returns_packages" time="0.114" /><testcase classname="tests.test_combobox_fix.TestResellerDashboardAPI" name="test_reseller_dashboard_with_valid_code" time="0.121" /><testcase classname="tests.test_combobox_fix.TestResellerDashboardAPI" name="test_reseller_dashboard_with_invalid_code" time="0.111" /><testcase classname="tests.test_combobox_fix.TestBrandsAPI" name="test_brands_returns_all_brands" time="0.109" /></testsuite></testsuites>